2019-02-22T19:43:38.083Z - [32minfo[39m: [SERVER] Wiki.js is initializing...
2019-02-22T19:43:38.210Z - [32minfo[39m: [SERVER] Checking data directories...
2019-02-22T19:43:38.212Z - [32minfo[39m: [SERVER] Data and Repository directories are OK.
2019-02-22T19:43:38.459Z - [32minfo[39m: [SERVER] Checking Git repository...
2019-02-22T19:43:39.462Z - [32minfo[39m: [SERVER] Starting HTTP/WS server on port 8000...
2019-02-22T19:43:39.479Z - [32minfo[39m: [SERVER] HTTP/WS server started successfully! [RUNNING]
2019-02-22T19:43:39.532Z - [32minfo[39m: [SERVER] Search index flushed and ready.
2019-02-22T19:43:39.614Z - [32minfo[39m: [SERVER] Git repository is OK.
2019-02-22T19:43:39.646Z - [32minfo[39m: [AGENT] Background Agent is initializing...
2019-02-22T19:43:40.202Z - [32minfo[39m: [AGENT] Checking Git repository...
2019-02-22T19:43:40.832Z - [32minfo[39m: [AGENT] Running all jobs...
2019-02-22T19:43:40.832Z - [32minfo[39m: [AGENT] Performing pull from remote Git repository...
2019-02-22T19:43:40.869Z - [32minfo[39m: [AGENT] Git repository is OK.
2019-02-22T19:43:41.316Z - [32minfo[39m: [AGENT] Git Pull completed.
2019-02-22T19:43:41.323Z - [32minfo[39m: [AGENT] Git Push skipped. Repository is already in sync.
2019-02-22T19:43:41.326Z - [32minfo[39m: [AGENT] All jobs completed successfully! Going to sleep for now.
2019-02-22T19:45:00.353Z - [32minfo[39m: [AGENT] Running all jobs...
2019-02-22T19:45:00.354Z - [32minfo[39m: [AGENT] Performing pull from remote Git repository...
2019-02-22T19:45:03.054Z - [32minfo[39m: [AGENT] Git Pull completed.
2019-02-22T19:45:03.060Z - [32minfo[39m: [AGENT] Git Push skipped. Repository is already in sync.
2019-02-22T19:45:03.061Z - [32minfo[39m: [AGENT] All jobs completed successfully! Going to sleep for now.
2019-02-22T19:50:00.355Z - [32minfo[39m: [AGENT] Running all jobs...
2019-02-22T19:50:00.355Z - [32minfo[39m: [AGENT] Performing pull from remote Git repository...
2019-02-22T19:50:01.588Z - [32minfo[39m: [AGENT] Git Pull completed.
2019-02-22T19:50:01.593Z - [32minfo[39m: [AGENT] Performing push to remote Git repository...
2019-02-22T19:55:00.356Z - [32minfo[39m: [AGENT] Running all jobs...
2019-02-22T19:55:00.356Z - [32minfo[39m: [AGENT] Performing pull from remote Git repository...
2019-02-22T19:55:00.989Z - [32minfo[39m: [AGENT] Git Pull completed.
2019-02-22T19:55:00.994Z - [32minfo[39m: [AGENT] Performing push to remote Git repository...
2019-02-22T20:00:00.362Z - [32minfo[39m: [AGENT] Running all jobs...
2019-02-22T20:00:00.362Z - [32minfo[39m: [AGENT] Performing pull from remote Git repository...
2019-02-22T20:00:00.952Z - [32minfo[39m: [AGENT] Git Pull completed.
2019-02-22T20:00:00.957Z - [32minfo[39m: [AGENT] Performing push to remote Git repository...
2019-02-22T20:05:00.368Z - [32minfo[39m: [AGENT] Running all jobs...
2019-02-22T20:05:00.368Z - [32minfo[39m: [AGENT] Performing pull from remote Git repository...
2019-02-22T20:05:02.034Z - [32minfo[39m: [AGENT] Git Pull completed.
2019-02-22T20:05:02.039Z - [32minfo[39m: [AGENT] Performing push to remote Git repository...
2019-02-22T20:10:00.363Z - [32minfo[39m: [AGENT] Running all jobs...
2019-02-22T20:10:00.363Z - [32minfo[39m: [AGENT] Performing pull from remote Git repository...
2019-02-22T20:10:02.720Z - [32minfo[39m: [AGENT] Git Pull completed.
2019-02-22T20:10:02.724Z - [32minfo[39m: [AGENT] Performing push to remote Git repository...
2019-02-22T20:15:00.370Z - [32minfo[39m: [AGENT] Running all jobs...
2019-02-22T20:15:00.370Z - [32minfo[39m: [AGENT] Performing pull from remote Git repository...
2019-02-22T20:15:00.992Z - [32minfo[39m: [AGENT] Git Pull completed.
2019-02-22T20:15:00.997Z - [32minfo[39m: [AGENT] Performing push to remote Git repository...
2019-02-22T20:20:00.369Z - [32minfo[39m: [AGENT] Running all jobs...
2019-02-22T20:20:00.369Z - [32minfo[39m: [AGENT] Performing pull from remote Git repository...
2019-02-22T20:20:00.975Z - [32minfo[39m: [AGENT] Git Pull completed.
2019-02-22T20:20:00.981Z - [32minfo[39m: [AGENT] Performing push to remote Git repository...
2019-02-22T20:25:00.373Z - [32minfo[39m: [AGENT] Running all jobs...
2019-02-22T20:25:00.373Z - [32minfo[39m: [AGENT] Performing pull from remote Git repository...
2019-02-22T20:25:01.471Z - [32minfo[39m: [AGENT] Git Pull completed.
2019-02-22T20:25:01.476Z - [32minfo[39m: [AGENT] Performing push to remote Git repository...
2019-02-22T20:30:00.379Z - [32minfo[39m: [AGENT] Running all jobs...
2019-02-22T20:30:00.379Z - [32minfo[39m: [AGENT] Performing pull from remote Git repository...
2019-02-22T20:30:04.368Z - [32minfo[39m: [AGENT] Git Pull completed.
2019-02-22T20:30:04.374Z - [32minfo[39m: [AGENT] Performing push to remote Git repository...
2019-02-22T20:35:00.383Z - [32minfo[39m: [AGENT] Running all jobs...
2019-02-22T20:35:00.383Z - [32minfo[39m: [AGENT] Performing pull from remote Git repository...
2019-02-22T20:35:01.479Z - [32minfo[39m: [AGENT] Git Pull completed.
2019-02-22T20:35:01.484Z - [32minfo[39m: [AGENT] Performing push to remote Git repository...
